2025-08-28 09:22:54,979 [INFO] pred_mci: Initializing Predictor...
2025-08-28 09:22:55,292 [INFO] pred_mci: Predictor initialized successfully.
2025-08-28 09:22:55,292 [INFO] pred_mci: Starting score calculation...
2025-08-28 09:22:55,292 [INFO] pred_mci: Predicting LightGBM: age=70, sex=2, edu=12, solo=1
2025-08-28 09:22:55,292 [INFO] pred_mci: Loading data from csv/test_data.csv
2025-08-28 09:22:55,526 [INFO] pred_mci: Data loaded successfully.
2025-08-28 09:22:55,561 [INFO] pred_mci: LightGBM prediction result: 0.5419
2025-08-28 09:22:55,561 [INFO] pred_mci: Predicting Logistic Regression: age=70, sex=2, edu=12, solo=1
2025-08-28 09:22:55,563 [INFO] pred_mci: Logistic Regression prediction result: 0.2363
2025-08-28 09:22:55,563 [INFO] pred_mci: Score calculation completed. Result: {'status_code': 100, 'score': 38}
2025-08-28 09:22:55,563 [INFO] pred_mci: Starting score calculation...
2025-08-28 09:22:55,563 [INFO] pred_mci: Predicting LightGBM: age=70, sex=2, edu=12, solo=1
2025-08-28 09:22:55,563 [INFO] pred_mci: Loading data from csv/test_data.csv
2025-08-28 09:22:55,837 [INFO] pred_mci: Data loaded successfully.
2025-08-28 09:22:55,872 [INFO] pred_mci: LightGBM prediction result: 0.5419
2025-08-28 09:22:55,872 [INFO] pred_mci: Predicting Logistic Regression: age=70, sex=2, edu=12, solo=1
2025-08-28 09:22:55,873 [INFO] pred_mci: Logistic Regression prediction result: 0.2363
2025-08-28 09:22:55,873 [INFO] pred_mci: Score calculation completed. Result: {'status_code': 100, 'score': {'lightgbm': 0.5419470492171948, 'logistic': 0.23633358179497832, 'soft_voting': np.float64(0.3891403155060866)}}
2025-09-04 10:57:17,427 [INFO] pred_mci: Initializing Predictor...
2025-09-04 10:57:17,790 [INFO] pred_mci: Predictor initialized successfully.
2025-09-04 10:57:17,790 [INFO] pred_mci: Starting score calculation...
2025-09-04 10:57:17,790 [INFO] pred_mci: Predicting LightGBM: age=70, sex=2, edu=12, solo=1
2025-09-04 10:57:17,790 [INFO] pred_mci: Loading data from csv/test_data.csv
2025-09-04 10:57:18,031 [INFO] pred_mci: Data loaded successfully.
2025-09-04 10:57:18,066 [INFO] pred_mci: LightGBM prediction result: 0.5419
2025-09-04 10:57:18,066 [INFO] pred_mci: Predicting Logistic Regression: age=70, sex=2, edu=12, solo=1
2025-09-04 10:57:18,067 [INFO] pred_mci: Logistic Regression prediction result: 0.2363
2025-09-04 10:57:18,068 [INFO] pred_mci: Score calculation completed. Result: {'status_code': 100, 'score': 38}
